<?xml version="1.0" encoding="UTF-8"?>
<!-- Generated by org.testng.reporters.JUnitXMLReporter -->
<testsuite ignored="1" hostname="anjrwt" failures="0" tests="1" name="Default test" time="0.145" errors="0" timestamp="2023-11-09T10:46:25 IST">
  <testcase classname="contactTests.CreateContactTest" name="demo" time="0.024"/>
  <testcase classname="contactTests.CreateContactTest" name="CreateNewContactTest" time="0.0">
    <ignored/>
  </testcase> <!-- CreateNewContactTest -->
</testsuite> <!-- Default test -->
